app/build/outputs/logs/manifest-merger-debug-report.txt
-- Merging decision tree log ---
manifest
ADDED from src\main\AndroidManifest.xml:2:1-31:12
INJECTED from src\main\AndroidManifest.xml:2:1-31:12
INJECTED from src\main\AndroidManifest.xml:2:1-31:12
INJECTED from src\main\AndroidManifest.xml:2:1-31:12
MERGED from [com.github.actor20170211030627.MyAndroidFrameWork:myandroidframework:1.3.4] AndroidManifest.xml:2:1-135:12
MERGED from [com.yanzhenjie:album:2.1.3] AndroidManifest.xml:17:1-73:12
MERGED from [com.jaeger.statusbarutil:library:1.5.1] AndroidManifest.xml:2:1-13:12
MERGED from [com.android.support:design:28.0.0] AndroidManifest.xml:17:1-24:12
MERGED from [com.ruffian.library:RWidgetHelper:1.1.0] AndroidManifest.xml:2:1-11:12
MERGED from [com.android.support:appcompat-v7:28.0.0] AndroidManifest.xml:17:1-22:12
MERGED from [com.android.support:support-v4:28.0.0] AndroidManifest.xml:17:1-22:12
MERGED from [com.android.support.constraint:constraint-layout:1.1.3] AndroidManifest.xml:2:1-11:12
MERGED from [com.jakewharton:butterknife:8.8.1] AndroidManifest.xml:2:1-7:12
MERGED from [:chatlayout] AndroidManifest.xml:2:1-17:12
MERGED from [com.github.bumptech.glide:glide:4.9.0] AndroidManifest.xml:2:1-12:12
MERGED from [com.yanzhenjie.permission:support:2.0.1] AndroidManifest.xml:17:1-40:12
MERGED from [com.android.support:support-fragment:28.0.0] AndroidManifest.xml:17:1-22:12
MERGED from [com.android.support:animated-vector-drawable:28.0.0] AndroidManifest.xml:17:1-22:12
MERGED from [com.android.support:recyclerview-v7:28.0.0] AndroidManifest.xml:17:1-22:12
MERGED from [com.android.support:support-core-ui:28.0.0] AndroidManifest.xml:17:1-22:12
MERGED from [com.android.support:support-core-utils:28.0.0] AndroidManifest.xml:17:1-22:12
MERGED from [com.android.support:support-vector-drawable:28.0.0] AndroidManifest.xml:17:1-22:12
MERGED from [com.android.support:transition:28.0.0] AndroidManifest.xml:17:1-22:12
MERGED from [com.android.support:support-media-compat:28.0.0] AndroidManifest.xml:17:1-22:12
MERGED from [com.android.support:loader:28.0.0] AndroidManifest.xml:17:1-22:12
MERGED from [com.android.support:viewpager:28.0.0] AndroidManifest.xml:17:1-22:12
MERGED from [com.android.support:coordinatorlayout:28.0.0] AndroidManifest.xml:17:1-22:12
MERGED from [com.android.support:drawerlayout:28.0.0] AndroidManifest.xml:17:1-22:12
MERGED from [com.android.support:slidingpanelayout:28.0.0] AndroidManifest.xml:17:1-22:12
MERGED from [com.android.support:customview:28.0.0] AndroidManifest.xml:17:1-22:12
MERGED from [com.android.support:swiperefreshlayout:28.0.0] AndroidManifest.xml:17:1-22:12
MERGED from [com.android.support:asynclayoutinflater:28.0.0] AndroidManifest.xml:17:1-22:12
MERGED from [com.android.support:support-compat:28.0.0] AndroidManifest.xml:17:1-24:12
MERGED from [com.android.support:versionedparcelable:28.0.0] AndroidManifest.xml:17:1-25:12
MERGED from [com.android.support:cursoradapter:28.0.0] AndroidManifest.xml:17:1-22:12
MERGED from [com.android.support:cardview-v7:28.0.0] AndroidManifest.xml:17:1-22:12
MERGED from [com.contrarywind:Android-PickerView:4.1.8] AndroidManifest.xml:2:1-11:12
MERGED from [android.arch.lifecycle:runtime:1.1.1] AndroidManifest.xml:17:1-22:12
MERGED from [com.android.support:documentfile:28.0.0] AndroidManifest.xml:17:1-22:12
MERGED from [com.android.support:localbroadcastmanager:28.0.0] AndroidManifest.xml:17:1-22:12
MERGED from [com.android.support:print:28.0.0] AndroidManifest.xml:17:1-22:12
MERGED from [android.arch.lifecycle:viewmodel:1.1.1] AndroidManifest.xml:17:1-22:12
MERGED from [com.android.support:interpolator:28.0.0] AndroidManifest.xml:17:1-22:12
MERGED from [com.github.bumptech.glide:gifdecoder:4.9.0] AndroidManifest.xml:2:1-11:12
MERGED from [com.contrarywind:wheelview:4.0.9] AndroidManifest.xml:2:1-11:12
MERGED from [android.arch.lifecycle:livedata:1.1.1] AndroidManifest.xml:17:1-22:12
MERGED from [android.arch.lifecycle:livedata-core:1.1.1] AndroidManifest.xml:17:1-22:12
MERGED from [android.arch.core:runtime:1.1.1] AndroidManifest.xml:17:1-22:12
MERGED from [com.github.CymChad:BaseRecyclerViewAdapterHelper:2.9.50] AndroidManifest.xml:2:1-11:12
MERGED from [com.github.anzaizai:EasySwipeMenuLayout:1.1.4] AndroidManifest.xml:2:1-14:12
MERGED from [com.zhy:okhttputils:2.6.2] AndroidManifest.xml:2:1-11:12
MERGED from [com.blankj:utilcode:1.26.0] AndroidManifest.xml:2:1-35:12
MERGED from [com.youth.banner:banner:1.4.10] AndroidManifest.xml:2:1-11:12
MERGED from [com.flyco.dialog:FlycoDialog_Lib:1.3.2] AndroidManifest.xml:2:1-11:12
MERGED from [me.jessyan:progressmanager:1.5.0] AndroidManifest.xml:2:1-11:12
MERGED from [com.yanzhenjie:mediascanner:1.0.3] AndroidManifest.xml:17:1-25:12
INJECTED from src\main\AndroidManifest.xml:2:1-31:12
INJECTED from src\main\AndroidManifest.xml:2:1-31:12
INJECTED from src\main\AndroidManifest.xml:2:1-31:12
	package
		ADDED from src\main\AndroidManifest.xml:4:5-37
		INJECTED from src\main\AndroidManifest.xml
		INJECTED from src\main\AndroidManifest.xml
	android:versionName
		INJECTED from src\main\AndroidManifest.xml
		ADDED from src\main\AndroidManifest.xml:2:1-31:12
		INJECTED from src\main\AndroidManifest.xml
	xmlns:tools
		ADDED from src\main\AndroidManifest.xml:3:5-51
	android:versionCode
		INJECTED from src\main\AndroidManifest.xml
		ADDED from src\main\AndroidManifest.xml:2:1-31:12
		INJECTED from src\main\AndroidManifest.xml
	xmlns:android
		ADDED from src\main\AndroidManifest.xml:2:11-69
uses-permission#android.permission.INTERNET
ADDED from src\main\AndroidManifest.xml:6:5-67
MERGED from [com.github.actor20170211030627.MyAndroidFrameWork:myandroidframework:1.3.4] AndroidManifest.xml:13:5-67
MERGED from [com.github.actor20170211030627.MyAndroidFrameWork:myandroidframework:1.3.4] AndroidManifest.xml:13:5-67
	android:name
		ADDED from src\main\AndroidManifest.xml:6:22-64
uses-permission#android.permission.SYSTEM_ALERT_WINDOW
ADDED from src\main\AndroidManifest.xml:7:5-78
	android:name
		ADDED from src\main\AndroidManifest.xml:7:22-75
application
ADDED from src\main\AndroidManifest.xml:9:5-29:19
MERGED from [com.github.actor20170211030627.MyAndroidFrameWork:myandroidframework:1.3.4] AndroidManifest.xml:31:5-133:19
MERGED from [com.github.actor20170211030627.MyAndroidFrameWork:myandroidframework:1.3.4] AndroidManifest.xml:31:5-133:19
MERGED from [com.yanzhenjie:album:2.1.3] AndroidManifest.xml:29:5-71:19
MERGED from [com.yanzhenjie:album:2.1.3] AndroidManifest.xml:29:5-71:19
MERGED from [com.jaeger.statusbarutil:library:1.5.1] AndroidManifest.xml:11:5-20
MERGED from [com.jaeger.statusbarutil:library:1.5.1] AndroidManifest.xml:11:5-20
MERGED from [com.android.support:design:28.0.0] AndroidManifest.xml:22:5-20
MERGED from [com.android.support:design:28.0.0] AndroidManifest.xml:22:5-20
MERGED from [com.android.support.constraint:constraint-layout:1.1.3] AndroidManifest.xml:9:5-20
MERGED from [com.android.support.constraint:constraint-layout:1.1.3] AndroidManifest.xml:9:5-20
MERGED from [:chatlayout] AndroidManifest.xml:14:5-15:19
MERGED from [:chatlayout] AndroidManifest.xml:14:5-15:19
MERGED from [com.github.bumptech.glide:glide:4.9.0] AndroidManifest.xml:10:5-20
MERGED from [com.github.bumptech.glide:glide:4.9.0] AndroidManifest.xml:10:5-20
MERGED from [com.yanzhenjie.permission:support:2.0.1] AndroidManifest.xml:24:5-38:19
MERGED from [com.yanzhenjie.permission:support:2.0.1] AndroidManifest.xml:24:5-38:19
MERGED from [com.android.support:support-compat:28.0.0] AndroidManifest.xml:22:5-94
MERGED from [com.android.support:support-compat:28.0.0] AndroidManifest.xml:22:5-94
MERGED from [com.android.support:versionedparcelable:28.0.0] AndroidManifest.xml:22:5-23:19
MERGED from [com.android.support:versionedparcelable:28.0.0] AndroidManifest.xml:22:5-23:19
MERGED from [com.github.bumptech.glide:gifdecoder:4.9.0] AndroidManifest.xml:9:5-20
MERGED from [com.github.bumptech.glide:gifdecoder:4.9.0] AndroidManifest.xml:9:5-20
MERGED from [com.github.anzaizai:EasySwipeMenuLayout:1.1.4] AndroidManifest.xml:11:5-12:19
MERGED from [com.github.anzaizai:EasySwipeMenuLayout:1.1.4] AndroidManifest.xml:11:5-12:19
MERGED from [com.blankj:utilcode:1.26.0] AndroidManifest.xml:9:5-33:19
MERGED from [com.blankj:utilcode:1.26.0] AndroidManifest.xml:9:5-33:19
	android:appComponentFactory
		ADDED from [com.android.support:support-compat:28.0.0] AndroidManifest.xml:22:18-91
	android:supportsRtl
		ADDED from src\main\AndroidManifest.xml:14:9-35
	android:label
		ADDED from src\main\AndroidManifest.xml:13:9-41
	tools:ignore
		ADDED from src\main\AndroidManifest.xml:16:9-48
	android:icon
		ADDED from src\main\AndroidManifest.xml:12:9-43
	android:allowBackup
		ADDED from src\main\AndroidManifest.xml:11:9-35
	android:networkSecurityConfig
		ADDED from [com.github.actor20170211030627.MyAndroidFrameWork:myandroidframework:1.3.4] AndroidManifest.xml:32:9-69
	android:theme
		ADDED from src\main\AndroidManifest.xml:15:9-40
	android:usesCleartextTraffic
		ADDED from [com.github.actor20170211030627.MyAndroidFrameWork:myandroidframework:1.3.4] AndroidManifest.xml:33:9-44
	android:name
		ADDED from src\main\AndroidManifest.xml:10:9-44
activity#com.chatlayout.example.activity.LoginActivity
ADDED from src\main\AndroidManifest.xml:17:9-23:20
	android:name
		ADDED from src\main\AndroidManifest.xml:17:19-57
intent-filter#action:name:android.intent.action.MAIN+category:name:android.intent.category.LAUNCHER
ADDED from src\main\AndroidManifest.xml:18:13-22:29
action#android.intent.action.MAIN
ADDED from src\main\AndroidManifest.xml:19:17-69
	android:name
		ADDED from src\main\AndroidManifest.xml:19:25-66
category#android.intent.category.LAUNCHER
ADDED from src\main\AndroidManifest.xml:21:17-77
	android:name
		ADDED from src\main\AndroidManifest.xml:21:27-74
activity#com.chatlayout.example.activity.MainActivity
ADDED from src\main\AndroidManifest.xml:24:9-26:52
	android:screenOrientation
		ADDED from src\main\AndroidManifest.xml:26:13-49
	android:name
		ADDED from src\main\AndroidManifest.xml:25:13-50
service#com.chatlayout.example.service.CheckUpdateService
ADDED from src\main\AndroidManifest.xml:28:9-63
	android:name
		ADDED from src\main\AndroidManifest.xml:28:18-60
uses-sdk
INJECTED from src\main\AndroidManifest.xml reason: use-sdk injection requested
INJECTED from src\main\AndroidManifest.xml
INJECTED from src\main\AndroidManifest.xml
MERGED from [com.github.actor20170211030627.MyAndroidFrameWork:myandroidframework:1.3.4] AndroidManifest.xml:8:5-10:41
MERGED from [com.github.actor20170211030627.MyAndroidFrameWork:myandroidframework:1.3.4] AndroidManifest.xml:8:5-10:41
MERGED from [com.yanzhenjie:album:2.1.3] AndroidManifest.xml:20:5-22:41
MERGED from [com.yanzhenjie:album:2.1.3] AndroidManifest.xml:20:5-22:41
MERGED from [com.jaeger.statusbarutil:library:1.5.1] AndroidManifest.xml:7:5-9:41
MERGED from [com.jaeger.statusbarutil:library:1.5.1] AndroidManifest.xml:7:5-9:41
MERGED from [com.android.support:design:28.0.0] AndroidManifest.xml:20:5-44
MERGED from [com.android.support:design:28.0.0] AndroidManifest.xml:20:5-44
MERGED from [com.ruffian.library:RWidgetHelper:1.1.0] AndroidManifest.xml:7:5-9:41
MERGED from [com.ruffian.library:RWidgetHelper:1.1.0] AndroidManifest.xml:7:5-9:41
MERGED from [com.android.support:appcompat-v7:28.0.0] AndroidManifest.xml:20:5-44
MERGED from [com.android.support:appcompat-v7:28.0.0] AndroidManifest.xml:20:5-44
MERGED from [com.android.support:support-v4:28.0.0] AndroidManifest.xml:20:5-44
MERGED from [com.android.support:support-v4:28.0.0] AndroidManifest.xml:20:5-44
MERGED from [com.android.support.constraint:constraint-layout:1.1.3] AndroidManifest.xml:5:5-7:41
MERGED from [com.android.support.constraint:constraint-layout:1.1.3] AndroidManifest.xml:5:5-7:41
MERGED from [com.jakewharton:butterknife:8.8.1] AndroidManifest.xml:5:5-43
MERGED from [com.jakewharton:butterknife:8.8.1] AndroidManifest.xml:5:5-43
MERGED from [:chatlayout] AndroidManifest.xml:7:5-9:41
MERGED from [:chatlayout] AndroidManifest.xml:7:5-9:41
MERGED from [com.github.bumptech.glide:glide:4.9.0] AndroidManifest.xml:6:5-8:41
MERGED from [com.github.bumptech.glide:glide:4.9.0] AndroidManifest.xml:6:5-8:41
MERGED from [com.yanzhenjie.permission:support:2.0.1] AndroidManifest.xml:20:5-22:41
MERGED from [com.yanzhenjie.permission:support:2.0.1] AndroidManifest.xml:20:5-22:41
MERGED from [com.android.support:support-fragment:28.0.0] AndroidManifest.xml:20:5-44
MERGED from [com.android.support:support-fragment:28.0.0] AndroidManifest.xml:20:5-44
MERGED from [com.android.support:animated-vector-drawable:28.0.0] AndroidManifest.xml:20:5-44
MERGED from [com.android.support:animated-vector-drawable:28.0.0] AndroidManifest.xml:20:5-44
MERGED from [com.android.support:recyclerview-v7:28.0.0] AndroidManifest.xml:20:5-44
MERGED from [com.android.support:recyclerview-v7:28.0.0] AndroidManifest.xml:20:5-44
MERGED from [com.android.support:support-core-ui:28.0.0] AndroidManifest.xml:20:5-44
MERGED from [com.android.support:support-core-ui:28.0.0] AndroidManifest.xml:20:5-44
MERGED from [com.android.support:support-core-utils:28.0.0] AndroidManifest.xml:20:5-44
MERGED from [com.android.support:support-core-utils:28.0.0] AndroidManifest.xml:20:5-44
MERGED from [com.android.support:support-vector-drawable:28.0.0] AndroidManifest.xml:20:5-44
MERGED from [com.android.support:support-vector-drawable:28.0.0] AndroidManifest.xml:20:5-44
MERGED from [com.android.support:transition:28.0.0] AndroidManifest.xml:20:5-44
MERGED from [com.android.support:transition:28.0.0] AndroidManifest.xml:20:5-44
MERGED from [com.android.support:support-media-compat:28.0.0] AndroidManifest.xml:20:5-44
MERGED from [com.android.support:support-media-compat:28.0.0] AndroidManifest.xml:20:5-44
MERGED from [com.android.support:loader:28.0.0] AndroidManifest.xml:20:5-44
MERGED from [com.android.support:loader:28.0.0] AndroidManifest.xml:20:5-44
MERGED from [com.android.support:viewpager:28.0.0] AndroidManifest.xml:20:5-44
MERGED from [com.android.support:viewpager:28.0.0] AndroidManifest.xml:20:5-44
MERGED from [com.android.support:coordinatorlayout:28.0.0] AndroidManifest.xml:20:5-44
MERGED from [com.android.support:coordinatorlayout:28.0.0] AndroidManifest.xml:20:5-44
MERGED from [com.android.support:drawerlayout:28.0.0] AndroidManifest.xml:20:5-44
MERGED from [com.android.support:drawerlayout:28.0.0] AndroidManifest.xml:20:5-44
MERGED from [com.android.support:slidingpanelayout:28.0.0] AndroidManifest.xml:20:5-44
MERGED from [com.android.support:slidingpanelayout:28.0.0] AndroidManifest.xml:20:5-44
MERGED from [com.android.support:customview:28.0.0] AndroidManifest.xml:20:5-44
MERGED from [com.android.support:customview:28.0.0] AndroidManifest.xml:20:5-44
MERGED from [com.android.support:swiperefreshlayout:28.0.0] AndroidManifest.xml:20:5-44
MERGED from [com.android.support:swiperefreshlayout:28.0.0] AndroidManifest.xml:20:5-44
MERGED from [com.android.support:asynclayoutinflater:28.0.0] AndroidManifest.xml:20:5-44
MERGED from [com.android.support:asynclayoutinflater:28.0.0] AndroidManifest.xml:20:5-44
MERGED from [com.android.support:support-compat:28.0.0] AndroidManifest.xml:20:5-44
MERGED from [com.android.support:support-compat:28.0.0] AndroidManifest.xml:20:5-44
MERGED from [com.android.support:versionedparcelable:28.0.0] AndroidManifest.xml:20:5-44
MERGED from [com.android.support:versionedparcelable:28.0.0] AndroidManifest.xml:20:5-44
MERGED from [com.android.support:cursoradapter:28.0.0] AndroidManifest.xml:20:5-44
MERGED from [com.android.support:cursoradapter:28.0.0] AndroidManifest.xml:20:5-44
MERGED from [com.android.support:cardview-v7:28.0.0] AndroidManifest.xml:20:5-44
MERGED from [com.android.support:cardview-v7:28.0.0] AndroidManifest.xml:20:5-44
MERGED from [com.contrarywind:Android-PickerView:4.1.8] AndroidManifest.xml:7:5-9:41
MERGED from [com.contrarywind:Android-PickerView:4.1.8] AndroidManifest.xml:7:5-9:41
MERGED from [android.arch.lifecycle:runtime:1.1.1] AndroidManifest.xml:20:5-44
MERGED from [android.arch.lifecycle:runtime:1.1.1] AndroidManifest.xml:20:5-44
MERGED from [com.android.support:documentfile:28.0.0] AndroidManifest.xml:20:5-44
MERGED from [com.android.support:documentfile:28.0.0] AndroidManifest.xml:20:5-44
MERGED from [com.android.support:localbroadcastmanager:28.0.0] AndroidManifest.xml:20:5-44
MERGED from [com.android.support:localbroadcastmanager:28.0.0] AndroidManifest.xml:20:5-44
MERGED from [com.android.support:print:28.0.0] AndroidManifest.xml:20:5-44
MERGED from [com.android.support:print:28.0.0] AndroidManifest.xml:20:5-44
MERGED from [android.arch.lifecycle:viewmodel:1.1.1] AndroidManifest.xml:20:5-44
MERGED from [android.arch.lifecycle:viewmodel:1.1.1] AndroidManifest.xml:20:5-44
MERGED from [com.android.support:interpolator:28.0.0] AndroidManifest.xml:20:5-44
MERGED from [com.android.support:interpolator:28.0.0] AndroidManifest.xml:20:5-44
MERGED from [com.github.bumptech.glide:gifdecoder:4.9.0] AndroidManifest.xml:5:5-7:41
MERGED from [com.github.bumptech.glide:gifdecoder:4.9.0] AndroidManifest.xml:5:5-7:41
MERGED from [com.contrarywind:wheelview:4.0.9] AndroidManifest.xml:7:5-9:41
MERGED from [com.contrarywind:wheelview:4.0.9] AndroidManifest.xml:7:5-9:41
MERGED from [android.arch.lifecycle:livedata:1.1.1] AndroidManifest.xml:20:5-44
MERGED from [android.arch.lifecycle:livedata:1.1.1] AndroidManifest.xml:20:5-44
MERGED from [android.arch.lifecycle:livedata-core:1.1.1] AndroidManifest.xml:20:5-44
MERGED from [android.arch.lifecycle:livedata-core:1.1.1] AndroidManifest.xml:20:5-44
MERGED from [android.arch.core:runtime:1.1.1] AndroidManifest.xml:20:5-44
MERGED from [android.arch.core:runtime:1.1.1] AndroidManifest.xml:20:5-44
MERGED from [com.github.CymChad:BaseRecyclerViewAdapterHelper:2.9.50] AndroidManifest.xml:7:5-9:41
MERGED from [com.github.CymChad:BaseRecyclerViewAdapterHelper:2.9.50] AndroidManifest.xml:7:5-9:41
MERGED from [com.github.anzaizai:EasySwipeMenuLayout:1.1.4] AndroidManifest.xml:7:5-9:41
MERGED from [com.github.anzaizai:EasySwipeMenuLayout:1.1.4] AndroidManifest.xml:7:5-9:41
MERGED from [com.zhy:okhttputils:2.6.2] AndroidManifest.xml:7:5-9:41
MERGED from [com.zhy:okhttputils:2.6.2] AndroidManifest.xml:7:5-9:41
MERGED from [com.blankj:utilcode:1.26.0] AndroidManifest.xml:7:5-44
MERGED from [com.blankj:utilcode:1.26.0] AndroidManifest.xml:7:5-44
MERGED from [com.youth.banner:banner:1.4.10] AndroidManifest.xml:7:5-9:41
MERGED from [com.youth.banner:banner:1.4.10] AndroidManifest.xml:7:5-9:41
MERGED from [com.flyco.dialog:FlycoDialog_Lib:1.3.2] AndroidManifest.xml:7:5-9:41
MERGED from [com.flyco.dialog:FlycoDialog_Lib:1.3.2] AndroidManifest.xml:7:5-9:41
MERGED from [me.jessyan:progressmanager:1.5.0] AndroidManifest.xml:7:5-9:41
MERGED from [me.jessyan:progressmanager:1.5.0] AndroidManifest.xml:7:5-9:41
MERGED from [com.yanzhenjie:mediascanner:1.0.3] AndroidManifest.xml:21:5-23:41
MERGED from [com.yanzhenjie:mediascanner:1.0.3] AndroidManifest.xml:21:5-23:41
INJECTED from src\main\AndroidManifest.xml
INJECTED from src\main\AndroidManifest.xml
	android:targetSdkVersion
		INJECTED from src\main\AndroidManifest.xml
		ADDED from src\main\AndroidManifest.xml
		INJECTED from src\main\AndroidManifest.xml
	android:minSdkVersion
		INJECTED from src\main\AndroidManifest.xml
		ADDED from src\main\AndroidManifest.xml
		INJECTED from src\main\AndroidManifest.xml
uses-permission#android.permission.ACCESS_NETWORK_STATE
ADDED from [com.github.actor20170211030627.MyAndroidFrameWork:myandroidframework:1.3.4] AndroidManifest.xml:16:5-79
	android:name
		ADDED from [com.github.actor20170211030627.MyAndroidFrameWork:myandroidframework:1.3.4] AndroidManifest.xml:16:22-76
uses-permission#android.permission.REQUEST_INSTALL_PACKAGES
ADDED from [com.github.actor20170211030627.MyAndroidFrameWork:myandroidframework:1.3.4] AndroidManifest.xml:19:5-83
	android:name
		ADDED from [com.github.actor20170211030627.MyAndroidFrameWork:myandroidframework:1.3.4] AndroidManifest.xml:19:22-80
uses-permission#android.permission.CAMERA
ADDED from [com.github.actor20170211030627.MyAndroidFrameWork:myandroidframework:1.3.4] AndroidManifest.xml:22:5-65
MERGED from [com.yanzhenjie:album:2.1.3] AndroidManifest.xml:24:5-65
MERGED from [com.yanzhenjie:album:2.1.3] AndroidManifest.xml:24:5-65
	android:name
		ADDED from [com.github.actor20170211030627.MyAndroidFrameWork:myandroidframework:1.3.4] AndroidManifest.xml:22:22-62
uses-permission#android.permission.READ_EXTERNAL_STORAGE
ADDED from [com.github.actor20170211030627.MyAndroidFrameWork:myandroidframework:1.3.4] AndroidManifest.xml:23:5-80
MERGED from [com.yanzhenjie:album:2.1.3] AndroidManifest.xml:25:5-80
MERGED from [com.yanzhenjie:album:2.1.3] AndroidManifest.xml:25:5-80
	android:name
		ADDED from [com.github.actor20170211030627.MyAndroidFrameWork:myandroidframework:1.3.4] AndroidManifest.xml:23:22-77
uses-permission#android.permission.WRITE_EXTERNAL_STORAGE
ADDED from [com.github.actor20170211030627.MyAndroidFrameWork:myandroidframework:1.3.4] AndroidManifest.xml:25:5-81
MERGED from [com.yanzhenjie:album:2.1.3] AndroidManifest.xml:26:5-81
MERGED from [com.yanzhenjie:album:2.1.3] AndroidManifest.xml:26:5-81
	android:name
		ADDED from [com.github.actor20170211030627.MyAndroidFrameWork:myandroidframework:1.3.4] AndroidManifest.xml:25:22-78
uses-permission#android.permission.MOUNT_UNMOUNT_FILESYSTEMS
ADDED from [com.github.actor20170211030627.MyAndroidFrameWork:myandroidframework:1.3.4] AndroidManifest.xml:27:5-29:47
	tools:ignore
		ADDED from [com.github.actor20170211030627.MyAndroidFrameWork:myandroidframework:1.3.4] AndroidManifest.xml:29:9-44
	android:name
		ADDED from [com.github.actor20170211030627.MyAndroidFrameWork:myandroidframework:1.3.4] AndroidManifest.xml:28:9-68
activity#com.actor.myandroidframework.widget.floatingeditor.FloatEditorActivity
ADDED from [com.github.actor20170211030627.MyAndroidFrameWork:myandroidframework:1.3.4] AndroidManifest.xml:37:9-40:77
	android:windowSoftInputMode
		ADDED from [com.github.actor20170211030627.MyAndroidFrameWork:myandroidframework:1.3.4] AndroidManifest.xml:40:13-74
	android:theme
		ADDED from [com.github.actor20170211030627.MyAndroidFrameWork:myandroidframework:1.3.4] AndroidManifest.xml:39:13-54
	android:name
		ADDED from [com.github.actor20170211030627.MyAndroidFrameWork:myandroidframework:1.3.4] AndroidManifest.xml:38:13-98
service#com.baidu.location.f
ADDED from [com.github.actor20170211030627.MyAndroidFrameWork:myandroidframework:1.3.4] AndroidManifest.xml:44:9-49:19
	tools:node
		ADDED from [com.github.actor20170211030627.MyAndroidFrameWork:myandroidframework:1.3.4] AndroidManifest.xml:48:13-32
	android:process
		ADDED from [com.github.actor20170211030627.MyAndroidFrameWork:myandroidframework:1.3.4] AndroidManifest.xml:47:13-38
	android:enabled
		ADDED from [com.github.actor20170211030627.MyAndroidFrameWork:myandroidframework:1.3.4] AndroidManifest.xml:46:13-35
	android:name
		ADDED from [com.github.actor20170211030627.MyAndroidFrameWork:myandroidframework:1.3.4] AndroidManifest.xml:45:13-48
activity#com.tencent.connect.common.AssistActivity
ADDED from [com.github.actor20170211030627.MyAndroidFrameWork:myandroidframework:1.3.4] AndroidManifest.xml:53:9-57:75
	android:screenOrientation
		ADDED from [com.github.actor20170211030627.MyAndroidFrameWork:myandroidframework:1.3.4] AndroidManifest.xml:56:13-47
	android:configChanges
		ADDED from [com.github.actor20170211030627.MyAndroidFrameWork:myandroidframework:1.3.4] AndroidManifest.xml:55:13-63
	android:theme
		ADDED from [com.github.actor20170211030627.MyAndroidFrameWork:myandroidframework:1.3.4] AndroidManifest.xml:57:13-72
	android:name
		ADDED from [com.github.actor20170211030627.MyAndroidFrameWork:myandroidframework:1.3.4] AndroidManifest.xml:54:13-69
activity#${applicationId}.wxapi.WXEntryActivity
ADDED from [com.github.actor20170211030627.MyAndroidFrameWork:myandroidframework:1.3.4] AndroidManifest.xml:61:9-67:75
	android:label
		ADDED from [com.github.actor20170211030627.MyAndroidFrameWork:myandroidframework:1.3.4] AndroidManifest.xml:64:13-45
	android:launchMode
		ADDED from [com.github.actor20170211030627.MyAndroidFrameWork:myandroidframework:1.3.4] AndroidManifest.xml:65:13-44
	android:exported
		ADDED from [com.github.actor20170211030627.MyAndroidFrameWork:myandroidframework:1.3.4] AndroidManifest.xml:63:13-36
	android:theme
		ADDED from [com.github.actor20170211030627.MyAndroidFrameWork:myandroidframework:1.3.4] AndroidManifest.xml:67:13-72
	android:taskAffinity
		ADDED from [com.github.actor20170211030627.MyAndroidFrameWork:myandroidframework:1.3.4] AndroidManifest.xml:66:13-52
	android:name
		ADDED from [com.github.actor20170211030627.MyAndroidFrameWork:myandroidframework:1.3.4] AndroidManifest.xml:62:13-66
activity#com.chatlayout.example.wxapi.WXEntryActivity
ADDED from [com.github.actor20170211030627.MyAndroidFrameWork:myandroidframework:1.3.4] AndroidManifest.xml:61:9-67:75
	android:label
		ADDED from [com.github.actor20170211030627.MyAndroidFrameWork:myandroidframework:1.3.4] AndroidManifest.xml:64:13-45
	android:launchMode
		ADDED from [com.github.actor20170211030627.MyAndroidFrameWork:myandroidframework:1.3.4] AndroidManifest.xml:65:13-44
	android:exported
		ADDED from [com.github.actor20170211030627.MyAndroidFrameWork:myandroidframework:1.3.4] AndroidManifest.xml:63:13-36
	android:theme
		ADDED from [com.github.actor20170211030627.MyAndroidFrameWork:myandroidframework:1.3.4] AndroidManifest.xml:67:13-72
	android:taskAffinity
		ADDED from [com.github.actor20170211030627.MyAndroidFrameWork:myandroidframework:1.3.4] AndroidManifest.xml:66:13-52
	android:name
		ADDED from [com.github.actor20170211030627.MyAndroidFrameWork:myandroidframework:1.3.4] AndroidManifest.xml:62:13-66
activity#${applicationId}.wxapi.WXPayEntryActivity
ADDED from [com.github.actor20170211030627.MyAndroidFrameWork:myandroidframework:1.3.4] AndroidManifest.xml:70:9-73:46
	android:launchMode
		ADDED from [com.github.actor20170211030627.MyAndroidFrameWork:myandroidframework:1.3.4] AndroidManifest.xml:73:13-43
	android:exported
		ADDED from [com.github.actor20170211030627.MyAndroidFrameWork:myandroidframework:1.3.4] AndroidManifest.xml:72:13-36
	android:name
		ADDED from [com.github.actor20170211030627.MyAndroidFrameWork:myandroidframework:1.3.4] AndroidManifest.xml:71:13-69
activity#com.chatlayout.example.wxapi.WXPayEntryActivity
ADDED from [com.github.actor20170211030627.MyAndroidFrameWork:myandroidframework:1.3.4] AndroidManifest.xml:70:9-73:46
	android:launchMode
		ADDED from [com.github.actor20170211030627.MyAndroidFrameWork:myandroidframework:1.3.4] AndroidManifest.xml:73:13-43
	android:exported
		ADDED from [com.github.actor20170211030627.MyAndroidFrameWork:myandroidframework:1.3.4] AndroidManifest.xml:72:13-36
	android:name
		ADDED from [com.github.actor20170211030627.MyAndroidFrameWork:myandroidframework:1.3.4] AndroidManifest.xml:71:13-69
service#com.actor.myandroidframework.utils.jpush.PushService
ADDED from [com.github.actor20170211030627.MyAndroidFrameWork:myandroidframework:1.3.4] AndroidManifest.xml:80:9-88:19
	android:process
		ADDED from [com.github.actor20170211030627.MyAndroidFrameWork:myandroidframework:1.3.4] AndroidManifest.xml:84:13-40
	android:enabled
		ADDED from [com.github.actor20170211030627.MyAndroidFrameWork:myandroidframework:1.3.4] AndroidManifest.xml:82:13-35
	android:exported
		ADDED from [com.github.actor20170211030627.MyAndroidFrameWork:myandroidframework:1.3.4] AndroidManifest.xml:83:13-37
	android:name
		ADDED from [com.github.actor20170211030627.MyAndroidFrameWork:myandroidframework:1.3.4] AndroidManifest.xml:81:13-80
intent-filter#action:name:cn.jiguang.user.service.action
ADDED from [com.github.actor20170211030627.MyAndroidFrameWork:myandroidframework:1.3.4] AndroidManifest.xml:85:13-87:29
action#cn.jiguang.user.service.action
ADDED from [com.github.actor20170211030627.MyAndroidFrameWork:myandroidframework:1.3.4] AndroidManifest.xml:86:17-73
	android:name
		ADDED from [com.github.actor20170211030627.MyAndroidFrameWork:myandroidframework:1.3.4] AndroidManifest.xml:86:25-70
receiver#com.actor.myandroidframework.utils.jpush.MyJPushMessageReceiver
ADDED from [com.github.actor20170211030627.MyAndroidFrameWork:myandroidframework:1.3.4] AndroidManifest.xml:96:9-105:20
	android:enabled
		ADDED from [com.github.actor20170211030627.MyAndroidFrameWork:myandroidframework:1.3.4] AndroidManifest.xml:98:13-35
	android:exported
		ADDED from [com.github.actor20170211030627.MyAndroidFrameWork:myandroidframework:1.3.4] AndroidManifest.xml:99:13-37
	android:name
		ADDED from [com.github.actor20170211030627.MyAndroidFrameWork:myandroidframework:1.3.4] AndroidManifest.xml:97:13-91
intent-filter#action:name:cn.jpush.android.intent.RECEIVE_MESSAGE+category:name:${applicationId}
ADDED from [com.github.actor20170211030627.MyAndroidFrameWork:myandroidframework:1.3.4] AndroidManifest.xml:100:13-104:29
intent-filter#action:name:cn.jpush.android.intent.RECEIVE_MESSAGE+category:name:com.chatlayout.example
ADDED from [com.github.actor20170211030627.MyAndroidFrameWork:myandroidframework:1.3.4] AndroidManifest.xml:100:13-104:29
action#cn.jpush.android.intent.RECEIVE_MESSAGE
ADDED from [com.github.actor20170211030627.MyAndroidFrameWork:myandroidframework:1.3.4] AndroidManifest.xml:101:17-82
	android:name
		ADDED from [com.github.actor20170211030627.MyAndroidFrameWork:myandroidframework:1.3.4] AndroidManifest.xml:101:25-79
category#${applicationId}
ADDED from [com.github.actor20170211030627.MyAndroidFrameWork:myandroidframework:1.3.4] AndroidManifest.xml:103:17-61
	android:name
		ADDED from [com.github.actor20170211030627.MyAndroidFrameWork:myandroidframework:1.3.4] AndroidManifest.xml:103:27-58
category#com.chatlayout.example
ADDED from [com.github.actor20170211030627.MyAndroidFrameWork:myandroidframework:1.3.4] AndroidManifest.xml:103:17-61
	android:name
		ADDED from [com.github.actor20170211030627.MyAndroidFrameWork:myandroidframework:1.3.4] AndroidManifest.xml:103:27-58